[
  {
    "line": 1,
    "elements": [
      {
        "start_timestamp": "2021-08-04T10:05:14.659Z",
        "line": 4,
        "name": "Check login successfully",
        "description": "",
        "id": "feature-to-test-the-login-functionality;check-login-successfully",
        "type": "scenario",
        "keyword": "Scenario",
        "steps": [
          {
            "result": {
              "duration": 3301000000,
              "status": "passed"
            },
            "line": 5,
            "name": "Browser is open",
            "match": {
              "location": "StepDefinitions.QuickpostSteps.browser_is_open()"
            },
            "keyword": "Given "
          },
          {
            "result": {
              "duration": 13000000,
              "status": "passed"
            },
            "line": 6,
            "name": "user is on login page",
            "match": {
              "location": "StepDefinitions.QuickpostSteps.user_is_on_login_page()"
            },
            "keyword": "And "
          },
          {
            "result": {
              "error_message": "org.openqa.selenium.WebDriverException: Returned value cannot be converted to WebElement: {stacktrace\u003dBacktrace:\n\tOrdinal0 [0x0073E7D3+124883]\n\tOrdinal0 [0x0073E7B1+124849]\n\tGetHandleVerifier [0x00988530+193488]\n\tGetHandleVerifier [0x009A4B2C+309708]\n\tGetHandleVerifier [0x009C15F7+427159]\n\tGetHandleVerifier [0x009BF7A1+419393]\n\tGetHandleVerifier [0x009BF2F4+418196]\n\tGetHandleVerifier [0x0096EE04+89252]\n\tGetHandleVerifier [0x0096F2F6+90518]\n\tGetHandleVerifier [0x0096F601+91297]\n\tGetHandleVerifier [0x00A631EC+1089676]\n\tGetHandleVerifier [0x00A617C9+1082985]\n\tGetHandleVerifier [0x00A613A3+1081923]\n\tGetHandleVerifier [0x00B5D9FD+2115741]\n\tOrdinal0 [0x0088B82E+1488942]\n\tOrdinal0 [0x00825A7D+1071741]\n\tGetHandleVerifier [0x0096EB9B+88635]\n\tGetHandleVerifier [0x0096E56E+87054]\n\tGetHandleVerifier [0x00B65D0C+2149292]\n\tBaseThreadInitThunk [0x76A8FA29+25]\n\tRtlGetAppContainerNamedObjectPath [0x778A7A7E+286]\n\tRtlGetAppContainerNamedObjectPath [0x778A7A4E+238]\n, error\u003dinvalid session id, message\u003dinvalid session id}\nBuild info: version: \u00273.0.1\u0027, revision: \u00271969d75\u0027, time: \u00272016-10-18 09:49:13 -0700\u0027\nSystem info: host: \u0027LAPTOP-9Q7NUHUF\u0027, ip: \u0027172.18.192.1\u0027, os.name: \u0027Windows 10\u0027, os.arch: \u0027amd64\u0027, os.version: \u002710.0\u0027, java.version: \u00271.8.0_271\u0027\nDriver info: driver.version: RemoteWebDriver\r\n\tat org.openqa.selenium.remote.RemoteWebDriver.findElement(RemoteWebDriver.java:375)\r\n\tat org.openqa.selenium.remote.RemoteWebDriver.findElementById(RemoteWebDriver.java:417)\r\n\tat org.openqa.selenium.By$ById.findElement(By.java:218)\r\n\tat org.openqa.selenium.remote.RemoteWebDriver.findElement(RemoteWebDriver.java:360)\r\n\tat StepDefinitions.QuickpostSteps.user_enters_username_and_password(QuickpostSteps.java:47)\r\n\tat âœ½.user enters username and password(file:///C:/Users/BADR/eclipse-workspace/AQL-Testing/TestAutomation/src/test/resources/Features/Login.feature:7)\r\nCaused by: java.lang.ClassCastException: com.google.common.collect.Maps$TransformedEntriesMap cannot be cast to org.openqa.selenium.WebElement\r\n\tat org.openqa.selenium.remote.RemoteWebDriver.findElement(RemoteWebDriver.java:373)\r\n\tat org.openqa.selenium.remote.RemoteWebDriver.findElementById(RemoteWebDriver.java:417)\r\n\tat org.openqa.selenium.By$ById.findElement(By.java:218)\r\n\tat org.openqa.selenium.remote.RemoteWebDriver.findElement(RemoteWebDriver.java:360)\r\n\tat StepDefinitions.QuickpostSteps.user_enters_username_and_password(QuickpostSteps.java:47)\r\n\tat sun.reflect.NativeMethodAccessorImpl.invoke0(Native Method)\r\n\tat sun.reflect.NativeMethodAccessorImpl.invoke(Unknown Source)\r\n\tat sun.reflect.DelegatingMethodAccessorImpl.invoke(Unknown Source)\r\n\tat java.lang.reflect.Method.invoke(Unknown Source)\r\n\tat io.cucumber.java.Invoker.invoke(Invoker.java:27)\r\n\tat io.cucumber.java.JavaStepDefinition.execute(JavaStepDefinition.java:27)\r\n\tat io.cucumber.core.runner.PickleStepDefinitionMatch.runStep(PickleStepDefinitionMatch.java:63)\r\n\tat io.cucumber.core.runner.TestStep.executeStep(TestStep.java:64)\r\n\tat io.cucumber.core.runner.TestStep.run(TestStep.java:49)\r\n\tat io.cucumber.core.runner.PickleStepTestStep.run(PickleStepTestStep.java:46)\r\n\tat io.cucumber.core.runner.TestCase.run(TestCase.java:51)\r\n\tat io.cucumber.core.runner.Runner.runPickle(Runner.java:67)\r\n\tat io.cucumber.junit.PickleRunners$NoStepDescriptions.run(PickleRunners.java:149)\r\n\tat io.cucumber.junit.FeatureRunner.runChild(FeatureRunner.java:83)\r\n\tat io.cucumber.junit.FeatureRunner.runChild(FeatureRunner.java:24)\r\n\tat org.junit.runners.ParentRunner$4.run(ParentRunner.java:331)\r\n\tat org.junit.runners.ParentRunner$1.schedule(ParentRunner.java:79)\r\n\tat org.junit.runners.ParentRunner.runChildren(ParentRunner.java:329)\r\n\tat org.junit.runners.ParentRunner.access$100(ParentRunner.java:66)\r\n\tat org.junit.runners.ParentRunner$2.evaluate(ParentRunner.java:293)\r\n\tat org.junit.runners.ParentRunner$3.evaluate(ParentRunner.java:306)\r\n\tat org.junit.runners.ParentRunner.run(ParentRunner.java:413)\r\n\tat io.cucumber.junit.Cucumber.runChild(Cucumber.java:185)\r\n\tat io.cucumber.junit.Cucumber.runChild(Cucumber.java:83)\r\n\tat org.junit.runners.ParentRunner$4.run(ParentRunner.java:331)\r\n\tat org.junit.runners.ParentRunner$1.schedule(ParentRunner.java:79)\r\n\tat org.junit.runners.ParentRunner.runChildren(ParentRunner.java:329)\r\n\tat org.junit.runners.ParentRunner.access$100(ParentRunner.java:66)\r\n\tat org.junit.runners.ParentRunner$2.evaluate(ParentRunner.java:293)\r\n\tat io.cucumber.junit.Cucumber$RunCucumber.evaluate(Cucumber.java:219)\r\n\tat org.junit.runners.ParentRunner$3.evaluate(ParentRunner.java:306)\r\n\tat org.junit.runners.ParentRunner.run(ParentRunner.java:413)\r\n\tat org.junit.runner.JUnitCore.run(JUnitCore.java:137)\r\n\tat org.junit.runner.JUnitCore.run(JUnitCore.java:115)\r\n\tat org.testng.junit.JUnit4TestRunner.start(JUnit4TestRunner.java:81)\r\n\tat org.testng.junit.JUnit4TestRunner.run(JUnit4TestRunner.java:69)\r\n\tat org.testng.TestRunner$1.run(TestRunner.java:697)\r\n\tat org.testng.TestRunner.runJUnitWorkers(TestRunner.java:1004)\r\n\tat org.testng.TestRunner.privateRunJUnit(TestRunner.java:728)\r\n\tat org.testng.TestRunner.run(TestRunner.java:629)\r\n\tat org.testng.SuiteRunner.runTest(SuiteRunner.java:366)\r\n\tat org.testng.SuiteRunner.runSequentially(SuiteRunner.java:361)\r\n\tat org.testng.SuiteRunner.privateRun(SuiteRunner.java:319)\r\n\tat org.testng.SuiteRunner.run(SuiteRunner.java:268)\r\n\tat org.testng.SuiteRunnerWorker.runSuite(SuiteRunnerWorker.java:52)\r\n\tat org.testng.SuiteRunnerWorker.run(SuiteRunnerWorker.java:86)\r\n\tat org.testng.TestNG.runSuitesSequentially(TestNG.java:1244)\r\n\tat org.testng.TestNG.runSuitesLocally(TestNG.java:1169)\r\n\tat org.testng.TestNG.run(TestNG.java:1064)\r\n\tat org.apache.maven.surefire.testng.TestNGExecutor.run(TestNGExecutor.java:115)\r\n\tat org.apache.maven.surefire.testng.TestNGDirectoryTestSuite.executeSingleClass(TestNGDirectoryTestSuite.java:129)\r\n\tat org.apache.maven.surefire.testng.TestNGDirectoryTestSuite.execute(TestNGDirectoryTestSuite.java:113)\r\n\tat org.apache.maven.surefire.testng.TestNGProvider.invoke(TestNGProvider.java:111)\r\n\tat org.apache.maven.surefire.booter.ForkedBooter.invokeProviderInSameClassLoader(ForkedBooter.java:203)\r\n\tat org.apache.maven.surefire.booter.ForkedBooter.runSuitesInProcess(ForkedBooter.java:155)\r\n\tat org.apache.maven.surefire.booter.ForkedBooter.main(ForkedBooter.java:103)\r\n",
              "duration": 18000000,
              "status": "failed"
            },
            "line": 7,
            "name": "user enters username and password",
            "match": {
              "location": "StepDefinitions.QuickpostSteps.user_enters_username_and_password()"
            },
            "keyword": "When "
          },
          {
            "result": {
              "duration": 1000000,
              "status": "skipped"
            },
            "line": 8,
            "name": "clicks on login button",
            "match": {
              "location": "StepDefinitions.QuickpostSteps.clicks_on_login_button()"
            },
            "keyword": "And "
          }
        ],
        "tags": [
          {
            "name": "@SmokeTest"
          }
        ]
      }
    ],
    "name": "Feature to test the login functionality",
    "description": "",
    "id": "feature-to-test-the-login-functionality",
    "keyword": "Feature",
    "uri": "file:src/test/resources/Features/Login.feature",
    "tags": []
  }
]